INFO:requests.packages.urllib3.connectionpool:Starting new HTTPS connection (1): api-na.hosted.exlibrisgroup.com
DEBUG:requests.packages.urllib3.connectionpool:"GET /almaws/v1/users?apikey=l7xx072432bdaca44136856f8e016544fa12&limit=1&offset=1 HTTP/1.1" 200 None
INFO:requests.packages.urllib3.connectionpool:Starting new HTTPS connection (1): api-na.hosted.exlibrisgroup.com
DEBUG:requests.packages.urllib3.connectionpool:"GET /almaws/v1/users/casper?apikey=l7xx072432bdaca44136856f8e016544fa12 HTTP/1.1" 200 None
INFO:requests.packages.urllib3.connectionpool:Starting new HTTPS connection (1): api-na.hosted.exlibrisgroup.com
DEBUG:requests.packages.urllib3.connectionpool:"GET /almaws/v1/users?apikey=l7xx072432bdaca44136856f8e016544fa12&limit=1&offset=1 HTTP/1.1" 200 None
INFO:requests.packages.urllib3.connectionpool:Starting new HTTPS connection (1): api-na.hosted.exlibrisgroup.com
DEBUG:requests.packages.urllib3.connectionpool:"GET /almaws/v1/users/casper?apikey=l7xx072432bdaca44136856f8e016544fa12 HTTP/1.1" 200 None
INFO:root:Removed old id:casper, new primary: 004176697
INFO:requests.packages.urllib3.connectionpool:Starting new HTTPS connection (1): api-na.hosted.exlibrisgroup.com
DEBUG:requests.packages.urllib3.connectionpool:"GET /almaws/v1/users/casper?apikey=l7xx072432bdaca44136856f8e016544fa12 HTTP/1.1" 200 None
INFO:requests.packages.urllib3.connectionpool:Starting new HTTPS connection (1): api-na.hosted.exlibrisgroup.com
DEBUG:requests.packages.urllib3.connectionpool:"GET /almaws/v1/users?apikey=l7xx072432bdaca44136856f8e016544fa12&limit=1&offset=1 HTTP/1.1" 200 None
INFO:requests.packages.urllib3.connectionpool:Starting new HTTPS connection (1): api-na.hosted.exlibrisgroup.com
DEBUG:requests.packages.urllib3.connectionpool:"GET /almaws/v1/users/casper?apikey=l7xx072432bdaca44136856f8e016544fa12 HTTP/1.1" 200 None
INFO:root:Removed old id:casper, new primary: 004176697
INFO:requests.packages.urllib3.connectionpool:Starting new HTTPS connection (1): api-na.hosted.exlibrisgroup.com
DEBUG:requests.packages.urllib3.connectionpool:"GET /almaws/v1/users/casper?apikey=l7xx072432bdaca44136856f8e016544fa12 HTTP/1.1" 200 None
INFO:requests.packages.urllib3.connectionpool:Starting new HTTPS connection (1): api-na.hosted.exlibrisgroup.com
DEBUG:requests.packages.urllib3.connectionpool:"GET /almaws/v1/users?apikey=l7xx072432bdaca44136856f8e016544fa12&limit=1&offset=1 HTTP/1.1" 200 None
INFO:requests.packages.urllib3.connectionpool:Starting new HTTPS connection (1): api-na.hosted.exlibrisgroup.com
DEBUG:requests.packages.urllib3.connectionpool:"GET /almaws/v1/users/casper?apikey=l7xx072432bdaca44136856f8e016544fa12 HTTP/1.1" 200 None
INFO:root:Removed old id:casper, new primary: 004176697
INFO:requests.packages.urllib3.connectionpool:Starting new HTTPS connection (1): api-na.hosted.exlibrisgroup.com
DEBUG:requests.packages.urllib3.connectionpool:"GET /almaws/v1/users/casper?apikey=l7xx072432bdaca44136856f8e016544fa12 HTTP/1.1" 200 None
INFO:requests.packages.urllib3.connectionpool:Starting new HTTPS connection (1): api-na.hosted.exlibrisgroup.com
DEBUG:requests.packages.urllib3.connectionpool:"GET /almaws/v1/users?apikey=l7xx072432bdaca44136856f8e016544fa12&limit=1&offset=1 HTTP/1.1" 200 None
INFO:requests.packages.urllib3.connectionpool:Starting new HTTPS connection (1): api-na.hosted.exlibrisgroup.com
DEBUG:requests.packages.urllib3.connectionpool:"GET /almaws/v1/users/casper?apikey=l7xx072432bdaca44136856f8e016544fa12 HTTP/1.1" 200 None
INFO:root:Removed old id:casper, new primary: 004176697
INFO:requests.packages.urllib3.connectionpool:Starting new HTTPS connection (1): api-na.hosted.exlibrisgroup.com
DEBUG:requests.packages.urllib3.connectionpool:"GET /almaws/v1/users/casper?apikey=l7xx072432bdaca44136856f8e016544fa12 HTTP/1.1" 200 None
INFO:requests.packages.urllib3.connectionpool:Starting new HTTPS connection (1): api-na.hosted.exlibrisgroup.com
DEBUG:requests.packages.urllib3.connectionpool:"GET /almaws/v1/users?apikey=l7xx072432bdaca44136856f8e016544fa12&limit=1&offset=1 HTTP/1.1" 200 None
INFO:requests.packages.urllib3.connectionpool:Starting new HTTPS connection (1): api-na.hosted.exlibrisgroup.com
DEBUG:requests.packages.urllib3.connectionpool:"GET /almaws/v1/users/casper?apikey=l7xx072432bdaca44136856f8e016544fa12 HTTP/1.1" 200 None
INFO:root:Removed old id:casper, new primary: 004176697
INFO:requests.packages.urllib3.connectionpool:Starting new HTTPS connection (1): api-na.hosted.exlibrisgroup.com
DEBUG:requests.packages.urllib3.connectionpool:"GET /almaws/v1/users/casper?apikey=l7xx072432bdaca44136856f8e016544fa12 HTTP/1.1" 200 None
INFO:requests.packages.urllib3.connectionpool:Starting new HTTPS connection (1): api-na.hosted.exlibrisgroup.com
DEBUG:requests.packages.urllib3.connectionpool:"GET /almaws/v1/users?apikey=l7xx072432bdaca44136856f8e016544fa12&limit=1&offset=1 HTTP/1.1" 200 None
INFO:requests.packages.urllib3.connectionpool:Starting new HTTPS connection (1): api-na.hosted.exlibrisgroup.com
DEBUG:requests.packages.urllib3.connectionpool:"GET /almaws/v1/users/casper?apikey=l7xx072432bdaca44136856f8e016544fa12 HTTP/1.1" 200 None
INFO:root:Removed old id:casper, new primary: 004176697
INFO:requests.packages.urllib3.connectionpool:Starting new HTTPS connection (1): api-na.hosted.exlibrisgroup.com
DEBUG:requests.packages.urllib3.connectionpool:"GET /almaws/v1/users/casper?apikey=l7xx072432bdaca44136856f8e016544fa12 HTTP/1.1" 200 None
INFO:requests.packages.urllib3.connectionpool:Starting new HTTPS connection (1): api-na.hosted.exlibrisgroup.com
DEBUG:requests.packages.urllib3.connectionpool:"GET /almaws/v1/users?apikey=l7xx072432bdaca44136856f8e016544fa12&limit=1&offset=1 HTTP/1.1" 200 None
INFO:requests.packages.urllib3.connectionpool:Starting new HTTPS connection (1): api-na.hosted.exlibrisgroup.com
DEBUG:requests.packages.urllib3.connectionpool:"GET /almaws/v1/users/casper?apikey=l7xx072432bdaca44136856f8e016544fa12 HTTP/1.1" 200 None
INFO:root:Removed old id:casper, new primary: 004176697
INFO:requests.packages.urllib3.connectionpool:Starting new HTTPS connection (1): api-na.hosted.exlibrisgroup.com
DEBUG:requests.packages.urllib3.connectionpool:"GET /almaws/v1/users/casper?apikey=l7xx072432bdaca44136856f8e016544fa12 HTTP/1.1" 200 None
INFO:requests.packages.urllib3.connectionpool:Starting new HTTPS connection (1): api-na.hosted.exlibrisgroup.com
DEBUG:requests.packages.urllib3.connectionpool:"GET /almaws/v1/users?apikey=l7xx072432bdaca44136856f8e016544fa12&limit=1&offset=1 HTTP/1.1" 200 None
INFO:requests.packages.urllib3.connectionpool:Starting new HTTPS connection (1): api-na.hosted.exlibrisgroup.com
DEBUG:requests.packages.urllib3.connectionpool:"GET /almaws/v1/users/casper?apikey=l7xx072432bdaca44136856f8e016544fa12 HTTP/1.1" 200 None
INFO:root:Removed old id:casper, new primary: 004176697
INFO:requests.packages.urllib3.connectionpool:Starting new HTTPS connection (1): api-na.hosted.exlibrisgroup.com
DEBUG:requests.packages.urllib3.connectionpool:"GET /almaws/v1/users/casper?apikey=l7xx072432bdaca44136856f8e016544fa12 HTTP/1.1" 200 None
INFO:requests.packages.urllib3.connectionpool:Starting new HTTPS connection (1): api-na.hosted.exlibrisgroup.com
DEBUG:requests.packages.urllib3.connectionpool:"GET /almaws/v1/users?apikey=l7xx072432bdaca44136856f8e016544fa12&limit=1&offset=1 HTTP/1.1" 200 None
INFO:requests.packages.urllib3.connectionpool:Starting new HTTPS connection (1): api-na.hosted.exlibrisgroup.com
DEBUG:requests.packages.urllib3.connectionpool:"GET /almaws/v1/users/casper?apikey=l7xx072432bdaca44136856f8e016544fa12 HTTP/1.1" 200 None
INFO:root:Removed old id:casper, new primary: 004176697
INFO:requests.packages.urllib3.connectionpool:Starting new HTTPS connection (1): api-na.hosted.exlibrisgroup.com
DEBUG:requests.packages.urllib3.connectionpool:"GET /almaws/v1/users/casper?apikey=l7xx072432bdaca44136856f8e016544fa12 HTTP/1.1" 200 None
INFO:requests.packages.urllib3.connectionpool:Starting new HTTPS connection (1): api-na.hosted.exlibrisgroup.com
DEBUG:requests.packages.urllib3.connectionpool:"GET /almaws/v1/users?apikey=l7xx072432bdaca44136856f8e016544fa12&limit=1&offset=1 HTTP/1.1" 200 None
INFO:requests.packages.urllib3.connectionpool:Starting new HTTPS connection (1): api-na.hosted.exlibrisgroup.com
DEBUG:requests.packages.urllib3.connectionpool:"GET /almaws/v1/users/casper?apikey=l7xx072432bdaca44136856f8e016544fa12 HTTP/1.1" 200 None
INFO:root:Removed old id:casper, new primary: 004176697
INFO:requests.packages.urllib3.connectionpool:Starting new HTTPS connection (1): api-na.hosted.exlibrisgroup.com
DEBUG:requests.packages.urllib3.connectionpool:"GET /almaws/v1/users/casper?apikey=l7xx072432bdaca44136856f8e016544fa12 HTTP/1.1" 200 None
INFO:requests.packages.urllib3.connectionpool:Starting new HTTPS connection (1): api-na.hosted.exlibrisgroup.com
DEBUG:requests.packages.urllib3.connectionpool:"GET /almaws/v1/users?apikey=l7xx072432bdaca44136856f8e016544fa12&limit=1&offset=1 HTTP/1.1" 200 None
INFO:requests.packages.urllib3.connectionpool:Starting new HTTPS connection (1): api-na.hosted.exlibrisgroup.com
DEBUG:requests.packages.urllib3.connectionpool:"GET /almaws/v1/users/casper?apikey=l7xx072432bdaca44136856f8e016544fa12 HTTP/1.1" 200 None
INFO:root:Removed old id:casper, new primary: 004176697
INFO:requests.packages.urllib3.connectionpool:Starting new HTTPS connection (1): api-na.hosted.exlibrisgroup.com
DEBUG:requests.packages.urllib3.connectionpool:"GET /almaws/v1/users/casper?apikey=l7xx072432bdaca44136856f8e016544fa12 HTTP/1.1" 200 None
INFO:requests.packages.urllib3.connectionpool:Starting new HTTPS connection (1): api-na.hosted.exlibrisgroup.com
DEBUG:requests.packages.urllib3.connectionpool:"GET /almaws/v1/users?apikey=l7xx072432bdaca44136856f8e016544fa12&limit=1&offset=1 HTTP/1.1" 200 None
INFO:requests.packages.urllib3.connectionpool:Starting new HTTPS connection (1): api-na.hosted.exlibrisgroup.com
DEBUG:requests.packages.urllib3.connectionpool:"GET /almaws/v1/users/casper?apikey=l7xx072432bdaca44136856f8e016544fa12 HTTP/1.1" 200 None
INFO:root:Removed old id:casper, new primary: 004176697
INFO:requests.packages.urllib3.connectionpool:Starting new HTTPS connection (1): api-na.hosted.exlibrisgroup.com
DEBUG:requests.packages.urllib3.connectionpool:"GET /almaws/v1/users/casper?apikey=l7xx072432bdaca44136856f8e016544fa12 HTTP/1.1" 200 None
INFO:requests.packages.urllib3.connectionpool:Starting new HTTPS connection (1): api-na.hosted.exlibrisgroup.com
DEBUG:requests.packages.urllib3.connectionpool:"GET /almaws/v1/users?apikey=l7xx072432bdaca44136856f8e016544fa12&limit=1&offset=1 HTTP/1.1" 200 None
INFO:requests.packages.urllib3.connectionpool:Starting new HTTPS connection (1): api-na.hosted.exlibrisgroup.com
DEBUG:requests.packages.urllib3.connectionpool:"GET /almaws/v1/users/casper?apikey=l7xx072432bdaca44136856f8e016544fa12 HTTP/1.1" 200 None
INFO:root:Removed old id:casper, new primary: 004176697
INFO:requests.packages.urllib3.connectionpool:Starting new HTTPS connection (1): api-na.hosted.exlibrisgroup.com
DEBUG:requests.packages.urllib3.connectionpool:"GET /almaws/v1/users/casper?apikey=l7xx072432bdaca44136856f8e016544fa12 HTTP/1.1" 200 None
INFO:requests.packages.urllib3.connectionpool:Starting new HTTPS connection (1): api-na.hosted.exlibrisgroup.com
DEBUG:requests.packages.urllib3.connectionpool:"GET /almaws/v1/users?apikey=l7xx072432bdaca44136856f8e016544fa12&limit=1&offset=1 HTTP/1.1" 200 None
INFO:requests.packages.urllib3.connectionpool:Starting new HTTPS connection (1): api-na.hosted.exlibrisgroup.com
DEBUG:requests.packages.urllib3.connectionpool:"GET /almaws/v1/users/casper?apikey=l7xx072432bdaca44136856f8e016544fa12 HTTP/1.1" 200 None
INFO:root:Removed old id:casper, new primary: 004176697
INFO:requests.packages.urllib3.connectionpool:Starting new HTTPS connection (1): api-na.hosted.exlibrisgroup.com
DEBUG:requests.packages.urllib3.connectionpool:"GET /almaws/v1/users/casper?apikey=l7xx072432bdaca44136856f8e016544fa12 HTTP/1.1" 200 None
INFO:root:Successful id swap for old id:casper, new primary: 004176697
INFO:requests.packages.urllib3.connectionpool:Starting new HTTPS connection (1): api-na.hosted.exlibrisgroup.com
DEBUG:requests.packages.urllib3.connectionpool:"GET /almaws/v1/users?apikey=l7xx072432bdaca44136856f8e016544fa12&limit=1&offset=1 HTTP/1.1" 200 None
INFO:requests.packages.urllib3.connectionpool:Starting new HTTPS connection (1): api-na.hosted.exlibrisgroup.com
DEBUG:requests.packages.urllib3.connectionpool:"GET /almaws/v1/users/casper?apikey=l7xx072432bdaca44136856f8e016544fa12 HTTP/1.1" 200 None
INFO:root:Removed old id:casper, new primary: 004176697
INFO:requests.packages.urllib3.connectionpool:Starting new HTTPS connection (1): api-na.hosted.exlibrisgroup.com
DEBUG:requests.packages.urllib3.connectionpool:"GET /almaws/v1/users/casper?apikey=l7xx072432bdaca44136856f8e016544fa12 HTTP/1.1" 200 None
INFO:root:Successful id swap for old id:casper, new primary: 004176697
INFO:requests.packages.urllib3.connectionpool:Starting new HTTPS connection (1): api-na.hosted.exlibrisgroup.com
DEBUG:requests.packages.urllib3.connectionpool:"GET /almaws/v1/users?apikey=l7xx072432bdaca44136856f8e016544fa12&limit=1&offset=1 HTTP/1.1" 200 None
INFO:requests.packages.urllib3.connectionpool:Starting new HTTPS connection (1): api-na.hosted.exlibrisgroup.com
DEBUG:requests.packages.urllib3.connectionpool:"GET /almaws/v1/users/casper?apikey=l7xx072432bdaca44136856f8e016544fa12 HTTP/1.1" 200 None
INFO:root:Removed old id:casper, new primary: 004176697
INFO:requests.packages.urllib3.connectionpool:Starting new HTTPS connection (1): api-na.hosted.exlibrisgroup.com
DEBUG:requests.packages.urllib3.connectionpool:"GET /almaws/v1/users/casper?apikey=l7xx072432bdaca44136856f8e016544fa12 HTTP/1.1" 200 None
INFO:requests.packages.urllib3.connectionpool:Starting new HTTPS connection (1): api-na.hosted.exlibrisgroup.com
DEBUG:requests.packages.urllib3.connectionpool:"GET /almaws/v1/users?apikey=l7xx072432bdaca44136856f8e016544fa12&limit=1&offset=1 HTTP/1.1" 200 None
INFO:requests.packages.urllib3.connectionpool:Starting new HTTPS connection (1): api-na.hosted.exlibrisgroup.com
DEBUG:requests.packages.urllib3.connectionpool:"GET /almaws/v1/users/casper?apikey=l7xx072432bdaca44136856f8e016544fa12 HTTP/1.1" 200 None
INFO:root:Removed old id:casper, new primary: 004176697
INFO:requests.packages.urllib3.connectionpool:Starting new HTTPS connection (1): api-na.hosted.exlibrisgroup.com
DEBUG:requests.packages.urllib3.connectionpool:"GET /almaws/v1/users/casper?apikey=l7xx072432bdaca44136856f8e016544fa12 HTTP/1.1" 200 None
INFO:requests.packages.urllib3.connectionpool:Starting new HTTPS connection (1): api-na.hosted.exlibrisgroup.com
DEBUG:requests.packages.urllib3.connectionpool:"GET /almaws/v1/users?apikey=l7xx072432bdaca44136856f8e016544fa12&limit=1&offset=1 HTTP/1.1" 200 None
INFO:requests.packages.urllib3.connectionpool:Starting new HTTPS connection (1): api-na.hosted.exlibrisgroup.com
DEBUG:requests.packages.urllib3.connectionpool:"GET /almaws/v1/users/casper?apikey=l7xx072432bdaca44136856f8e016544fa12 HTTP/1.1" 200 None
INFO:root:Removed old id:casper, new primary: 004176697
INFO:requests.packages.urllib3.connectionpool:Starting new HTTPS connection (1): api-na.hosted.exlibrisgroup.com
DEBUG:requests.packages.urllib3.connectionpool:"GET /almaws/v1/users/casper?apikey=l7xx072432bdaca44136856f8e016544fa12 HTTP/1.1" 200 None
INFO:requests.packages.urllib3.connectionpool:Starting new HTTPS connection (1): api-na.hosted.exlibrisgroup.com
DEBUG:requests.packages.urllib3.connectionpool:"GET /almaws/v1/users?apikey=l7xx072432bdaca44136856f8e016544fa12&limit=1&offset=1 HTTP/1.1" 200 None
INFO:requests.packages.urllib3.connectionpool:Starting new HTTPS connection (1): api-na.hosted.exlibrisgroup.com
DEBUG:requests.packages.urllib3.connectionpool:"GET /almaws/v1/users/casper?apikey=l7xx072432bdaca44136856f8e016544fa12 HTTP/1.1" 200 None
INFO:root:Removed old id:casper, new primary: 004176697
INFO:requests.packages.urllib3.connectionpool:Starting new HTTPS connection (1): api-na.hosted.exlibrisgroup.com
DEBUG:requests.packages.urllib3.connectionpool:"GET /almaws/v1/users/casper?apikey=l7xx072432bdaca44136856f8e016544fa12 HTTP/1.1" 200 None
INFO:requests.packages.urllib3.connectionpool:Starting new HTTPS connection (1): api-na.hosted.exlibrisgroup.com
DEBUG:requests.packages.urllib3.connectionpool:"GET /almaws/v1/users?apikey=l7xx072432bdaca44136856f8e016544fa12&limit=1&offset=1 HTTP/1.1" 200 None
INFO:requests.packages.urllib3.connectionpool:Starting new HTTPS connection (1): api-na.hosted.exlibrisgroup.com
DEBUG:requests.packages.urllib3.connectionpool:"GET /almaws/v1/users/casper?apikey=l7xx072432bdaca44136856f8e016544fa12 HTTP/1.1" 200 None
INFO:root:Removed old id:casper, new primary: 004176697
INFO:requests.packages.urllib3.connectionpool:Starting new HTTPS connection (1): api-na.hosted.exlibrisgroup.com
DEBUG:requests.packages.urllib3.connectionpool:"GET /almaws/v1/users/casper?apikey=l7xx072432bdaca44136856f8e016544fa12 HTTP/1.1" 200 None
INFO:root:Successful id swap for old id:casper, new primary: 004176697
INFO:requests.packages.urllib3.connectionpool:Starting new HTTPS connection (1): api-na.hosted.exlibrisgroup.com
DEBUG:requests.packages.urllib3.connectionpool:"GET /almaws/v1/users?apikey=l7xx072432bdaca44136856f8e016544fa12&limit=1&offset=1 HTTP/1.1" 200 None
INFO:requests.packages.urllib3.connectionpool:Starting new HTTPS connection (1): api-na.hosted.exlibrisgroup.com
DEBUG:requests.packages.urllib3.connectionpool:"GET /almaws/v1/users/casper?apikey=l7xx072432bdaca44136856f8e016544fa12 HTTP/1.1" 200 None
INFO:root:Removed old id:casper, new primary: 004176697
INFO:requests.packages.urllib3.connectionpool:Starting new HTTPS connection (1): api-na.hosted.exlibrisgroup.com
DEBUG:requests.packages.urllib3.connectionpool:"GET /almaws/v1/users/casper?apikey=l7xx072432bdaca44136856f8e016544fa12 HTTP/1.1" 200 None
INFO:requests.packages.urllib3.connectionpool:Starting new HTTPS connection (1): api-na.hosted.exlibrisgroup.com
DEBUG:requests.packages.urllib3.connectionpool:"GET /almaws/v1/users?apikey=l7xx072432bdaca44136856f8e016544fa12&limit=1&offset=1 HTTP/1.1" 200 None
INFO:requests.packages.urllib3.connectionpool:Starting new HTTPS connection (1): api-na.hosted.exlibrisgroup.com
DEBUG:requests.packages.urllib3.connectionpool:"GET /almaws/v1/users/casper?apikey=l7xx072432bdaca44136856f8e016544fa12 HTTP/1.1" 200 None
INFO:root:Removed old id:casper, new primary: 004176697
INFO:requests.packages.urllib3.connectionpool:Starting new HTTPS connection (1): api-na.hosted.exlibrisgroup.com
DEBUG:requests.packages.urllib3.connectionpool:"GET /almaws/v1/users/casper?apikey=l7xx072432bdaca44136856f8e016544fa12 HTTP/1.1" 200 None
INFO:requests.packages.urllib3.connectionpool:Starting new HTTPS connection (1): api-na.hosted.exlibrisgroup.com
DEBUG:requests.packages.urllib3.connectionpool:"GET /almaws/v1/users?apikey=l7xx072432bdaca44136856f8e016544fa12&limit=1&offset=1 HTTP/1.1" 200 None
INFO:requests.packages.urllib3.connectionpool:Starting new HTTPS connection (1): api-na.hosted.exlibrisgroup.com
DEBUG:requests.packages.urllib3.connectionpool:"GET /almaws/v1/users/casper?apikey=l7xx072432bdaca44136856f8e016544fa12 HTTP/1.1" 200 None
INFO:root:Removed old id:casper, new primary: 004176697
INFO:requests.packages.urllib3.connectionpool:Starting new HTTPS connection (1): api-na.hosted.exlibrisgroup.com
DEBUG:requests.packages.urllib3.connectionpool:"GET /almaws/v1/users/casper?apikey=l7xx072432bdaca44136856f8e016544fa12 HTTP/1.1" 200 None
INFO:root:Successful id swap for old id:casper, new primary: 004176697
INFO:requests.packages.urllib3.connectionpool:Starting new HTTPS connection (1): api-na.hosted.exlibrisgroup.com
DEBUG:requests.packages.urllib3.connectionpool:"GET /almaws/v1/users?apikey=l7xx072432bdaca44136856f8e016544fa12&limit=1&offset=1 HTTP/1.1" 200 None
INFO:requests.packages.urllib3.connectionpool:Starting new HTTPS connection (1): api-na.hosted.exlibrisgroup.com
DEBUG:requests.packages.urllib3.connectionpool:"GET /almaws/v1/users/casper?apikey=l7xx072432bdaca44136856f8e016544fa12 HTTP/1.1" 200 None
INFO:root:Removed old id:casper, new primary: 004176697
INFO:requests.packages.urllib3.connectionpool:Starting new HTTPS connection (1): api-na.hosted.exlibrisgroup.com
DEBUG:requests.packages.urllib3.connectionpool:"GET /almaws/v1/users/casper?apikey=l7xx072432bdaca44136856f8e016544fa12 HTTP/1.1" 200 None
INFO:requests.packages.urllib3.connectionpool:Starting new HTTPS connection (1): api-na.hosted.exlibrisgroup.com
DEBUG:requests.packages.urllib3.connectionpool:"GET /almaws/v1/users?apikey=l7xx072432bdaca44136856f8e016544fa12&limit=1&offset=1 HTTP/1.1" 200 None
INFO:requests.packages.urllib3.connectionpool:Starting new HTTPS connection (1): api-na.hosted.exlibrisgroup.com
DEBUG:requests.packages.urllib3.connectionpool:"GET /almaws/v1/users/casper?apikey=l7xx072432bdaca44136856f8e016544fa12 HTTP/1.1" 200 None
INFO:root:Removed old id:casper, new primary: 004176697
INFO:requests.packages.urllib3.connectionpool:Starting new HTTPS connection (1): api-na.hosted.exlibrisgroup.com
DEBUG:requests.packages.urllib3.connectionpool:"GET /almaws/v1/users/casper?apikey=l7xx072432bdaca44136856f8e016544fa12 HTTP/1.1" 200 None
INFO:requests.packages.urllib3.connectionpool:Starting new HTTPS connection (1): api-na.hosted.exlibrisgroup.com
DEBUG:requests.packages.urllib3.connectionpool:"GET /almaws/v1/users?apikey=l7xx072432bdaca44136856f8e016544fa12&limit=1&offset=1 HTTP/1.1" 200 None
INFO:requests.packages.urllib3.connectionpool:Starting new HTTPS connection (1): api-na.hosted.exlibrisgroup.com
DEBUG:requests.packages.urllib3.connectionpool:"GET /almaws/v1/users/casper?apikey=l7xx072432bdaca44136856f8e016544fa12 HTTP/1.1" 200 None
INFO:root:Removed old id:casper, new primary: 004176697
INFO:requests.packages.urllib3.connectionpool:Starting new HTTPS connection (1): api-na.hosted.exlibrisgroup.com
DEBUG:requests.packages.urllib3.connectionpool:"GET /almaws/v1/users/casper?apikey=l7xx072432bdaca44136856f8e016544fa12 HTTP/1.1" 200 None
INFO:requests.packages.urllib3.connectionpool:Starting new HTTPS connection (1): api-na.hosted.exlibrisgroup.com
DEBUG:requests.packages.urllib3.connectionpool:"GET /almaws/v1/users?apikey=l7xx072432bdaca44136856f8e016544fa12&limit=1&offset=1 HTTP/1.1" 200 None
INFO:requests.packages.urllib3.connectionpool:Starting new HTTPS connection (1): api-na.hosted.exlibrisgroup.com
DEBUG:requests.packages.urllib3.connectionpool:"GET /almaws/v1/users/casper?apikey=l7xx072432bdaca44136856f8e016544fa12 HTTP/1.1" 200 None
INFO:root:Removed old id:casper, new primary: 004176697
INFO:requests.packages.urllib3.connectionpool:Starting new HTTPS connection (1): api-na.hosted.exlibrisgroup.com
DEBUG:requests.packages.urllib3.connectionpool:"GET /almaws/v1/users/casper?apikey=l7xx072432bdaca44136856f8e016544fa12 HTTP/1.1" 200 None
INFO:requests.packages.urllib3.connectionpool:Starting new HTTPS connection (1): api-na.hosted.exlibrisgroup.com
DEBUG:requests.packages.urllib3.connectionpool:"GET /almaws/v1/users?apikey=l7xx072432bdaca44136856f8e016544fa12&limit=1&offset=1 HTTP/1.1" 200 None
INFO:requests.packages.urllib3.connectionpool:Starting new HTTPS connection (1): api-na.hosted.exlibrisgroup.com
DEBUG:requests.packages.urllib3.connectionpool:"GET /almaws/v1/users/casper?apikey=l7xx072432bdaca44136856f8e016544fa12 HTTP/1.1" 200 None
INFO:root:Removed old id:casper, new primary: 004176697
INFO:requests.packages.urllib3.connectionpool:Starting new HTTPS connection (1): api-na.hosted.exlibrisgroup.com
DEBUG:requests.packages.urllib3.connectionpool:"GET /almaws/v1/users/casper?apikey=l7xx072432bdaca44136856f8e016544fa12 HTTP/1.1" 200 None
INFO:requests.packages.urllib3.connectionpool:Starting new HTTPS connection (1): api-na.hosted.exlibrisgroup.com
DEBUG:requests.packages.urllib3.connectionpool:"GET /almaws/v1/users?apikey=l7xx072432bdaca44136856f8e016544fa12&limit=1&offset=1 HTTP/1.1" 200 None
INFO:requests.packages.urllib3.connectionpool:Starting new HTTPS connection (1): api-na.hosted.exlibrisgroup.com
DEBUG:requests.packages.urllib3.connectionpool:"GET /almaws/v1/users/casper?apikey=l7xx072432bdaca44136856f8e016544fa12 HTTP/1.1" 200 None
INFO:root:Removed old id:casper, new primary: 004176697
INFO:requests.packages.urllib3.connectionpool:Starting new HTTPS connection (1): api-na.hosted.exlibrisgroup.com
DEBUG:requests.packages.urllib3.connectionpool:"GET /almaws/v1/users/casper?apikey=l7xx072432bdaca44136856f8e016544fa12 HTTP/1.1" 200 None
INFO:requests.packages.urllib3.connectionpool:Starting new HTTPS connection (1): api-na.hosted.exlibrisgroup.com
DEBUG:requests.packages.urllib3.connectionpool:"GET /almaws/v1/users?apikey=l7xx072432bdaca44136856f8e016544fa12&limit=1&offset=1 HTTP/1.1" 200 None
INFO:requests.packages.urllib3.connectionpool:Starting new HTTPS connection (1): api-na.hosted.exlibrisgroup.com
DEBUG:requests.packages.urllib3.connectionpool:"GET /almaws/v1/users/casper?apikey=l7xx072432bdaca44136856f8e016544fa12 HTTP/1.1" 200 None
INFO:root:Removed old id:casper, new primary: 004176697
INFO:requests.packages.urllib3.connectionpool:Starting new HTTPS connection (1): api-na.hosted.exlibrisgroup.com
DEBUG:requests.packages.urllib3.connectionpool:"GET /almaws/v1/users/casper?apikey=l7xx072432bdaca44136856f8e016544fa12 HTTP/1.1" 200 None
INFO:requests.packages.urllib3.connectionpool:Starting new HTTPS connection (1): api-na.hosted.exlibrisgroup.com
DEBUG:requests.packages.urllib3.connectionpool:"GET /almaws/v1/users?apikey=l7xx072432bdaca44136856f8e016544fa12&limit=1&offset=1 HTTP/1.1" 200 None
INFO:requests.packages.urllib3.connectionpool:Starting new HTTPS connection (1): api-na.hosted.exlibrisgroup.com
DEBUG:requests.packages.urllib3.connectionpool:"GET /almaws/v1/users/casper?apikey=l7xx072432bdaca44136856f8e016544fa12 HTTP/1.1" 200 None
INFO:root:Removed old id:casper, new primary: 004176697
INFO:requests.packages.urllib3.connectionpool:Starting new HTTPS connection (1): api-na.hosted.exlibrisgroup.com
DEBUG:requests.packages.urllib3.connectionpool:"GET /almaws/v1/users/casper?apikey=l7xx072432bdaca44136856f8e016544fa12 HTTP/1.1" 200 None
INFO:root:Successful id swap for old id:casper, new primary: 004176697
INFO:requests.packages.urllib3.connectionpool:Starting new HTTPS connection (1): api-na.hosted.exlibrisgroup.com
DEBUG:requests.packages.urllib3.connectionpool:"GET /almaws/v1/users?apikey=l7xx072432bdaca44136856f8e016544fa12&limit=1&offset=1 HTTP/1.1" 200 None
INFO:requests.packages.urllib3.connectionpool:Starting new HTTPS connection (1): api-na.hosted.exlibrisgroup.com
DEBUG:requests.packages.urllib3.connectionpool:"GET /almaws/v1/users/casper?apikey=l7xx072432bdaca44136856f8e016544fa12 HTTP/1.1" 200 None
INFO:root:Removed old id:casper, new primary: 004176697
INFO:requests.packages.urllib3.connectionpool:Starting new HTTPS connection (1): api-na.hosted.exlibrisgroup.com
DEBUG:requests.packages.urllib3.connectionpool:"GET /almaws/v1/users/casper?apikey=l7xx072432bdaca44136856f8e016544fa12 HTTP/1.1" 200 None
INFO:requests.packages.urllib3.connectionpool:Starting new HTTPS connection (1): api-na.hosted.exlibrisgroup.com
DEBUG:requests.packages.urllib3.connectionpool:"GET /almaws/v1/users?apikey=l7xx072432bdaca44136856f8e016544fa12&limit=1&offset=1 HTTP/1.1" 200 None
INFO:requests.packages.urllib3.connectionpool:Starting new HTTPS connection (1): api-na.hosted.exlibrisgroup.com
DEBUG:requests.packages.urllib3.connectionpool:"GET /almaws/v1/users/casper?apikey=l7xx072432bdaca44136856f8e016544fa12 HTTP/1.1" 200 None
INFO:root:Removed old id:casper, new primary: 004176697
INFO:requests.packages.urllib3.connectionpool:Starting new HTTPS connection (1): api-na.hosted.exlibrisgroup.com
DEBUG:requests.packages.urllib3.connectionpool:"GET /almaws/v1/users/casper?apikey=l7xx072432bdaca44136856f8e016544fa12 HTTP/1.1" 200 None
INFO:requests.packages.urllib3.connectionpool:Starting new HTTPS connection (1): api-na.hosted.exlibrisgroup.com
DEBUG:requests.packages.urllib3.connectionpool:"GET /almaws/v1/users?apikey=l7xx072432bdaca44136856f8e016544fa12&limit=1&offset=1 HTTP/1.1" 200 None
INFO:requests.packages.urllib3.connectionpool:Starting new HTTPS connection (1): api-na.hosted.exlibrisgroup.com
DEBUG:requests.packages.urllib3.connectionpool:"GET /almaws/v1/users/casper?apikey=l7xx072432bdaca44136856f8e016544fa12 HTTP/1.1" 200 None
INFO:root:Removed old id:casper, new primary: 004176697
INFO:requests.packages.urllib3.connectionpool:Starting new HTTPS connection (1): api-na.hosted.exlibrisgroup.com
DEBUG:requests.packages.urllib3.connectionpool:"GET /almaws/v1/users/casper?apikey=l7xx072432bdaca44136856f8e016544fa12 HTTP/1.1" 200 None
INFO:requests.packages.urllib3.connectionpool:Starting new HTTPS connection (1): api-na.hosted.exlibrisgroup.com
DEBUG:requests.packages.urllib3.connectionpool:"GET /almaws/v1/users?apikey=l7xx072432bdaca44136856f8e016544fa12&limit=1&offset=1 HTTP/1.1" 200 None
INFO:requests.packages.urllib3.connectionpool:Starting new HTTPS connection (1): api-na.hosted.exlibrisgroup.com
DEBUG:requests.packages.urllib3.connectionpool:"GET /almaws/v1/users/casper?apikey=l7xx072432bdaca44136856f8e016544fa12 HTTP/1.1" 200 None
INFO:root:Removed old id:casper, new primary: 004176697
INFO:requests.packages.urllib3.connectionpool:Starting new HTTPS connection (1): api-na.hosted.exlibrisgroup.com
DEBUG:requests.packages.urllib3.connectionpool:"GET /almaws/v1/users/casper?apikey=l7xx072432bdaca44136856f8e016544fa12 HTTP/1.1" 200 None
INFO:root:Successful id swap for old id:casper, new primary: 004176697
INFO:requests.packages.urllib3.connectionpool:Starting new HTTPS connection (1): api-na.hosted.exlibrisgroup.com
DEBUG:requests.packages.urllib3.connectionpool:"GET /almaws/v1/users?apikey=l7xx072432bdaca44136856f8e016544fa12&limit=1&offset=1 HTTP/1.1" 200 None
INFO:requests.packages.urllib3.connectionpool:Starting new HTTPS connection (1): api-na.hosted.exlibrisgroup.com
DEBUG:requests.packages.urllib3.connectionpool:"GET /almaws/v1/users/casper?apikey=l7xx072432bdaca44136856f8e016544fa12 HTTP/1.1" 200 None
INFO:root:Removed old id:casper, new primary: 004176697
INFO:requests.packages.urllib3.connectionpool:Starting new HTTPS connection (1): api-na.hosted.exlibrisgroup.com
DEBUG:requests.packages.urllib3.connectionpool:"GET /almaws/v1/users/casper?apikey=l7xx072432bdaca44136856f8e016544fa12 HTTP/1.1" 200 None
INFO:requests.packages.urllib3.connectionpool:Starting new HTTPS connection (1): api-na.hosted.exlibrisgroup.com
DEBUG:requests.packages.urllib3.connectionpool:"GET /almaws/v1/users?apikey=l7xx072432bdaca44136856f8e016544fa12&limit=1&offset=1 HTTP/1.1" 200 None
INFO:requests.packages.urllib3.connectionpool:Starting new HTTPS connection (1): api-na.hosted.exlibrisgroup.com
DEBUG:requests.packages.urllib3.connectionpool:"GET /almaws/v1/users/casper?apikey=l7xx072432bdaca44136856f8e016544fa12 HTTP/1.1" 200 None
INFO:root:Removed old id:casper, new primary: 004176697
INFO:requests.packages.urllib3.connectionpool:Starting new HTTPS connection (1): api-na.hosted.exlibrisgroup.com
DEBUG:requests.packages.urllib3.connectionpool:"GET /almaws/v1/users/casper?apikey=l7xx072432bdaca44136856f8e016544fa12 HTTP/1.1" 200 None
INFO:root:Successful id swap for old id:casper, new primary: 004176697
